#
# There is insufficient memory for the Java Runtime Environment to continue.
# Native memory allocation (malloc) failed to allocate 1048576 bytes for AllocateHeap
# Possible reasons:
#   The system is out of physical RAM or swap space
#   In 32 bit mode, the process size limit was hit
# Possible solutions:
#   Reduce memory load on the system
#   Increase physical memory or swap space
#   Check if swap backing store is full
#   Use 64 bit Java on a 64 bit OS
#   Decrease Java heap size (-Xmx/-Xms)
#   Decrease number of Java threads
#   Decrease Java thread stack sizes (-Xss)
#   Set larger code cache with -XX:ReservedCodeCacheSize=
# This output file may be truncated or incomplete.
#
#  Out of Memory Error (memory/allocation.inline.hpp:61), pid=2088, tid=0x0000000000000b84
#
# JRE version:  (8.0_112-b15) (build )
# Java VM: Java HotSpot(TM) 64-Bit Server VM (25.112-b15 mixed mode windows-amd64 compressed oops)
# Failed to write core dump. Minidumps are not enabled by default on client versions of Windows
#

---------------  T H R E A D  ---------------

Current thread (0x0000000002852800):  JavaThread "Unknown thread" [_thread_in_vm, id=2948, stack(0x0000000002750000,0x0000000002850000)]

Stack: [0x0000000002750000,0x0000000002850000]
[error occurred during error reporting (printing stack bounds), id 0xc0000005]

Native frames: (J=compiled Java code, j=interpreted, Vv=VM code, C=native code)


---------------  P R O C E S S  ---------------

Java Threads: ( => current thread )

Other Threads:

=>0x0000000002852800 (exited) JavaThread "Unknown thread" [_thread_in_vm, id=2948, stack(0x0000000002750000,0x0000000002850000)]

VM state:not at safepoint (normal execution)

VM Mutex/Monitor currently owned by a thread: None

Heap:
 PSYoungGen      total 37888K, used 655K [0x00000000d6180000, 0x00000000d8b80000, 0x0000000100000000)
  eden space 32768K, 2% used [0x00000000d6180000,0x00000000d6223d80,0x00000000d8180000)
  from space 5120K, 0% used [0x00000000d8680000,0x00000000d8680000,0x00000000d8b80000)
  to   space 5120K, 0% used [0x00000000d8180000,0x00000000d8180000,0x00000000d8680000)
 ParOldGen       total 86016K, used 0K [0x0000000082400000, 0x0000000087800000, 0x00000000d6180000)
  object space 86016K, 0% used [0x0000000082400000,0x0000000082400000,0x0000000087800000)
 Metaspace       used 770K, capacity 4480K, committed 4480K, reserved 1056768K
  class space    used 75K, capacity 384K, committed 384K, reserved 1048576K

Card table byte_map: [0x0000000011d10000,0x0000000012100000] byte_map_base: 0x00000000118fe000

Marking Bits: (ParMarkBitMap*) 0x0000000073e9a6d0
 Begin Bits: [0x00000000127a0000, 0x0000000014710000)
 End Bits:   [0x0000000014710000, 0x0000000016680000)

Polling page: 0x0000000002600000

CodeCache: size=245760Kb used=328Kb max_used=328Kb free=245431Kb
 bounds [0x0000000002950000, 0x0000000002bc0000, 0x0000000011950000]
 total_blobs=58 nmethods=0 adapters=38
 compilation: enabled

Compilation events (0 events):
No events

GC Heap History (0 events):
No events

Deoptimization events (0 events):
No events

Internal exceptions (0 events):
No events

Events (10 events):
Event: 0.023 loading class java/lang/Short
Event: 0.023 loading class java/lang/Short done
Event: 0.023 loading class java/lang/Integer
Event: 0.023 loading class java/lang/Integer done
Event: 0.023 loading class java/lang/Long
Event: 0.024 loading class java/lang/Long done
Event: 0.024 loading class java/lang/NullPointerException
Event: 0.024 loading class java/lang/NullPointerException done
Event: 0.024 loading class java/lang/ArithmeticException
Event: 0.024 loading class java/lang/ArithmeticException done


Dynamic libraries:
0x00007ff777720000 - 0x00007ff777757000 	C:\Program Files\Java\jdk1.8.0_112\jre\bin\java.exe
0x00007ffc832a0000 - 0x00007ffc8347b000 	C:\WINDOWS\SYSTEM32\ntdll.dll
0x00007ffc831f0000 - 0x00007ffc8329e000 	C:\WINDOWS\System32\KERNEL32.DLL
0x00007ffc7f8b0000 - 0x00007ffc7faf9000 	C:\WINDOWS\System32\KERNELBASE.dll
0x00007ffc82600000 - 0x00007ffc826a1000 	C:\WINDOWS\System32\ADVAPI32.dll
0x00007ffc826b0000 - 0x00007ffc8274d000 	C:\WINDOWS\System32\msvcrt.dll
0x00007ffc82c00000 - 0x00007ffc82c59000 	C:\WINDOWS\System32\sechost.dll
0x00007ffc80910000 - 0x00007ffc80a35000 	C:\WINDOWS\System32\RPCRT4.dll
0x00007ffc82e20000 - 0x00007ffc82f6a000 	C:\WINDOWS\System32\USER32.dll
0x00007ffc807e0000 - 0x00007ffc807fe000 	C:\WINDOWS\System32\win32u.dll
0x00007ffc82c60000 - 0x00007ffc82c87000 	C:\WINDOWS\System32\GDI32.dll
0x00007ffc7fb00000 - 0x00007ffc7fc87000 	C:\WINDOWS\System32\gdi32full.dll
0x00007ffc7f810000 - 0x00007ffc7f8aa000 	C:\WINDOWS\System32\msvcp_win.dll
0x00007ffc805d0000 - 0x00007ffc806c6000 	C:\WINDOWS\System32\ucrtbase.dll
0x00007ffc73370000 - 0x00007ffc735d7000 	C:\WINDOWS\WinSxS\amd64_microsoft.windows.common-controls_6595b64144ccf1df_6.0.15063.483_none_26002d27e7c744a2\COMCTL32.dll
0x00007ffc828a0000 - 0x00007ffc82b99000 	C:\WINDOWS\System32\combase.dll
0x00007ffc7fe60000 - 0x00007ffc7feca000 	C:\WINDOWS\System32\bcryptPrimitives.dll
0x00007ffc83040000 - 0x00007ffc8306d000 	C:\WINDOWS\System32\IMM32.DLL
0x0000000073f20000 - 0x0000000073ff2000 	C:\Program Files\Java\jdk1.8.0_112\jre\bin\msvcr100.dll
0x0000000073680000 - 0x0000000073f1a000 	C:\Program Files\Java\jdk1.8.0_112\jre\bin\server\jvm.dll
0x00007ffc80a40000 - 0x00007ffc80a48000 	C:\WINDOWS\System32\PSAPI.DLL
0x00007ffc6d770000 - 0x00007ffc6d77a000 	C:\WINDOWS\SYSTEM32\VERSION.dll
0x00007ffc78e30000 - 0x00007ffc78e53000 	C:\WINDOWS\SYSTEM32\WINMM.dll
0x00007ffc6ec30000 - 0x00007ffc6ec39000 	C:\WINDOWS\SYSTEM32\WSOCK32.dll
0x00007ffc82c90000 - 0x00007ffc82cfc000 	C:\WINDOWS\System32\WS2_32.dll
0x00007ffc78e00000 - 0x00007ffc78e2b000 	C:\WINDOWS\SYSTEM32\WINMMBASE.dll
0x00007ffc7f7c0000 - 0x00007ffc7f809000 	C:\WINDOWS\System32\cfgmgr32.dll
0x0000000074d50000 - 0x0000000074d5f000 	C:\Program Files\Java\jdk1.8.0_112\jre\bin\verify.dll
0x0000000074d20000 - 0x0000000074d49000 	C:\Program Files\Java\jdk1.8.0_112\jre\bin\java.dll
0x0000000074c80000 - 0x0000000074c96000 	C:\Program Files\Java\jdk1.8.0_112\jre\bin\zip.dll

VM Arguments:
jvm_args: -Djava.net.preferIPv4Stack=true 
java_command: D:\Documents\Miage\ING3\Modèles de réalisations avancées\dm-online-banking-correction\rest-client-utils\target\surefire\surefirebooter7710081888794538727.jar D:\Documents\Miage\ING3\Modèles de réalisations avancées\dm-online-banking-correction\rest-client-utils\target\surefire\surefire3543877585644945142tmp D:\Documents\Miage\ING3\Modèles de réalisations avancées\dm-online-banking-correction\rest-client-utils\target\surefire\surefire_19201794529125039830tmp
java_class_path (initial): D:\Documents\Miage\ING3\Modèles de réalisations avancées\dm-online-banking-correction\rest-client-utils\target\surefire\surefirebooter7710081888794538727.jar
Launcher Type: SUN_STANDARD

Environment Variables:
JAVA_HOME=C:\Program Files\Java\jdk1.8.0_112
_JAVA_OPTIONS=-Djava.net.preferIPv4Stack=true
PATH=C:\Program Files (x86)\Intel\iCLS Client\;C:\Program Files\Intel\iCLS Client\;C:\ProgramData\Oracle\Java\javapath;C:\Program Files\Java\jdk1.8.0_112\bin;C:\WINDOWS\system32;C:\WINDOWS;C:\WINDOWS\System32\Wbem;C:\WINDOWS\System32\WindowsPowerShell\v1.0\;C:\Program Files\OpenVPN\bin;C:\Program Files\PostgreSQL\9.5\bin;D:\Applications\glassfish-4.1\glassfish4\glassfish\bin;D:\Applications\apache-maven-3.3.9-bin\bin;C:\Program Files\MongoDB\Server\3.4\bin;C:\HashiCorp\Vagrant\bin;C:\Program Files\Microsoft SQL Server\110\Tools\Binn\;C:\Program Files (x86)\Intel\Intel(R) Management Engine Components\DAL;C:\Program Files\Intel\Intel(R) Management Engine Components\DAL;C:\Program Files (x86)\Intel\Intel(R) Management Engine Components\IPT;C:\Program Files\Intel\Intel(R) Management Engine Components\IPT;C:\Program Files\Intel\WiFi\bin\;C:\Program Files\Common Files\Intel\WirelessCommon\;C:\Program Files\nodejs\;C:\Program Files (x86)\Microsoft SDKs\Azure\CLI\wbin;C:\Users\antho\AppData\Local\Microsoft\WindowsApps;C:\Users\antho\AppData\Roaming\npm
USERNAME=antho
OS=Windows_NT
PROCESSOR_IDENTIFIER=Intel64 Family 6 Model 142 Stepping 9, GenuineIntel



---------------  S Y S T E M  ---------------

OS: Windows 10.0 , 64 bit Build 15063 (10.0.15063.296)

CPU:total 4 (2 cores per cpu, 2 threads per core) family 6 model 142 stepping 9, cmov, cx8, fxsr, mmx, sse, sse2, sse3, ssse3, sse4.1, sse4.2, popcnt, avx, avx2, aes, clmul, erms, 3dnowpref, lzcnt, ht, tsc, tscinvbit, bmi1, bmi2, adx

Memory: 4k page, physical 8236684k(1485380k free), swap 12422892k(5912k free)

vm_info: Java HotSpot(TM) 64-Bit Server VM (25.112-b15) for windows-amd64 JRE (1.8.0_112-b15), built on Sep 22 2016 21:31:56 by "java_re" with MS VC++ 10.0 (VS2010)

time: Wed Nov 08 20:00:31 2017
elapsed time: 0 seconds (0d 0h 0m 0s)

